<?xml version="1.0" encoding="UTF-8"?>
<!-- Generated by org.testng.reporters.JUnitXMLReporter -->
<testsuite ignored="0" hostname="AVAJ" failures="0" tests="12" name="Sanity and Smoke Tests" time="286.082" errors="0" timestamp="2025-09-07T22:50:01 IST">
  <testcase classname="com.capstoneProject.HealthCare.HomePage" name="Registration" time="14.564"/>
  <testcase classname="com.capstoneProject.HealthCare.HomePage" name="Login" time="16.833"/>
  <testcase classname="com.capstoneProject.HealthCare.HomePage" name="HomePageBasicVerification" time="5.821"/>
  <testcase classname="com.capstoneProject.HealthCare.HomePage" name="NavigationHoverTest" time="9.069"/>
  <testcase classname="com.capstoneProject.HealthCare.HomePage" name="HealthProgramsDisplayTest" time="8.114"/>
  <testcase classname="com.capstoneProject.HealthCare.HomePage" name="ResourceLinksTest" time="6.2"/>
  <testcase classname="com.capstoneProject.HealthCare.HomePage" name="SearchFunctionalityTest" time="16.808"/>
  <testcase classname="com.capstoneProject.HealthCare.ProgramPagesClickableResourcesTest" name="validateTobaccoAndResourceClickable" time="36.353"/>
  <testcase classname="com.capstoneProject.HealthCare.ProgramPagesClickableResourcesTest" name="validateAHECScholarsAndResourceClickable" time="47.22"/>
  <testcase classname="com.capstoneProject.HealthCare.ProgramPagesClickableResourcesTest" name="validateHealthyAgingAndResourceClickable" time="40.58"/>
  <testcase classname="com.capstoneProject.HealthCare.ProgramPagesClickableResourcesTest" name="validateCoveringFloridaAndResourceClickable" time="36.002"/>
  <testcase classname="com.capstoneProject.HealthCare.ContactUsValidationTest" name="validateContactUsPageFromNavigators" time="19.313"/>
</testsuite> <!-- Sanity and Smoke Tests -->
