<?xml version="1.0" encoding="UTF-8"?>
<!-- Generated by org.testng.reporters.JUnitXMLReporter -->
<testsuite ignored="3" hostname="AVAJ" failures="0" tests="0" time="0.023" errors="0" timestamp="2025-08-16T17:18:05 IST">
  <testcase classname="com.wiproJuly.LabSession16thAug.SmokeTesting" name="logoutTest" time="0.0">
    <ignored/>
  </testcase> <!-- logoutTest -->
  <testcase classname="com.wiproJuly.LabSession16thAug.SmokeTesting" name="paymentTest" time="0.0">
    <ignored/>
  </testcase> <!-- paymentTest -->
  <testcase classname="com.wiproJuly.LabSession16thAug.SmokeTesting" name="loginTest" time="0.0">
    <ignored/>
  </testcase> <!-- loginTest -->
</testsuite>
