<?xml version="1.0" encoding="UTF-8"?>
<!-- Generated by org.testng.reporters.JUnitXMLReporter -->
<testsuite ignored="0" hostname="AVAJ" failures="0" tests="12" name="Sanity and Smoke Tests" time="302.021" errors="0" timestamp="2025-09-07T22:56:09 IST">
  <testcase classname="com.capstoneProject.HealthCare.HomePage" name="Registration" time="11.479"/>
  <testcase classname="com.capstoneProject.HealthCare.HomePage" name="Login" time="15.331"/>
  <testcase classname="com.capstoneProject.HealthCare.HomePage" name="HomePageBasicVerification" time="8.346"/>
  <testcase classname="com.capstoneProject.HealthCare.HomePage" name="NavigationHoverTest" time="6.072"/>
  <testcase classname="com.capstoneProject.HealthCare.HomePage" name="HealthProgramsDisplayTest" time="5.22"/>
  <testcase classname="com.capstoneProject.HealthCare.HomePage" name="ResourceLinksTest" time="9.526"/>
  <testcase classname="com.capstoneProject.HealthCare.HomePage" name="SearchFunctionalityTest" time="6.487"/>
  <testcase classname="com.capstoneProject.HealthCare.ProgramPagesClickableResourcesTest" name="validateTobaccoAndResourceClickable" time="40.3"/>
  <testcase classname="com.capstoneProject.HealthCare.ProgramPagesClickableResourcesTest" name="validateAHECScholarsAndResourceClickable" time="27.365"/>
  <testcase classname="com.capstoneProject.HealthCare.ProgramPagesClickableResourcesTest" name="validateHealthyAgingAndResourceClickable" time="62.011"/>
  <testcase classname="com.capstoneProject.HealthCare.ProgramPagesClickableResourcesTest" name="validateCoveringFloridaAndResourceClickable" time="67.158"/>
  <testcase classname="com.capstoneProject.HealthCare.ContactUsValidationTest" name="validateContactUsPageFromNavigators" time="13.326"/>
</testsuite> <!-- Sanity and Smoke Tests -->
