<?xml version="1.0" encoding="UTF-8"?>
<!-- Generated by org.testng.reporters.JUnitXMLReporter -->
<testsuite ignored="1" hostname="AVAJ" failures="0" tests="1" name="Sanity and Smoke Tests" time="15.085" errors="0" timestamp="2025-08-23T12:36:21 IST">
  <testcase classname="com.wiproJuly.Testng.TestNgSkipTestcases" name="login" time="15.053"/>
  <testcase classname="com.wiproJuly.Testng.TestNgSkipTestcases" name="testcheckbox" time="0.0">
    <ignored/>
  </testcase> <!-- testcheckbox -->
</testsuite> <!-- Sanity and Smoke Tests -->
