<?xml version="1.0" encoding="UTF-8"?>
<testng-results ignored="0" total="12" passed="12" failed="0" skipped="0">
  <reporter-output>
  </reporter-output>
  <suite started-at="2025-09-07T22:51:07 IST" name="User Suite" finished-at="2025-09-07T22:56:09 IST" duration-ms="302021">
    <groups>
    </groups>
    <test started-at="2025-09-07T22:51:07 IST" name="Sanity and Smoke Tests" finished-at="2025-09-07T22:56:09 IST" duration-ms="302021">
      <class name="com.capstoneProject.HealthCare.ContactUsValidationTest">
        <test-method is-config="true" signature="setup()[pri:0, instance:com.capstoneProject.HealthCare.ContactUsValidationTest@79924b]" started-at="2025-09-07T22:55:53 IST" name="setup" finished-at="2025-09-07T22:55:55 IST" duration-ms="1482" status="PASS">
          <reporter-output>
          </reporter-output>
        </test-method> <!-- setup -->
        <test-method signature="validateContactUsPageFromNavigators()[pri:1, instance:com.capstoneProject.HealthCare.ContactUsValidationTest@79924b]" started-at="2025-09-07T22:55:55 IST" name="validateContactUsPageFromNavigators" finished-at="2025-09-07T22:56:08 IST" duration-ms="13326" status="PASS">
          <reporter-output>
          </reporter-output>
        </test-method> <!-- validateContactUsPageFromNavigators -->
        <test-method is-config="true" signature="tearDown()[pri:0, instance:com.capstoneProject.HealthCare.ContactUsValidationTest@79924b]" started-at="2025-09-07T22:56:08 IST" name="tearDown" finished-at="2025-09-07T22:56:09 IST" duration-ms="595" status="PASS">
          <reporter-output>
          </reporter-output>
        </test-method> <!-- tearDown -->
      </class> <!-- com.capstoneProject.HealthCare.ContactUsValidationTest -->
      <class name="com.capstoneProject.HealthCare.ProgramPagesClickableResourcesTest">
        <test-method is-config="true" signature="setup()[pri:0, instance:com.capstoneProject.HealthCare.ProgramPagesClickableResourcesTest@4fb0f2b9]" started-at="2025-09-07T22:52:27 IST" name="setup" finished-at="2025-09-07T22:52:28 IST" duration-ms="1518" status="PASS">
          <reporter-output>
          </reporter-output>
        </test-method> <!-- setup -->
        <test-method signature="validateTobaccoAndResourceClickable()[pri:1, instance:com.capstoneProject.HealthCare.ProgramPagesClickableResourcesTest@4fb0f2b9]" started-at="2025-09-07T22:52:28 IST" name="validateTobaccoAndResourceClickable" finished-at="2025-09-07T22:53:09 IST" duration-ms="40300" status="PASS">
          <reporter-output>
          </reporter-output>
        </test-method> <!-- validateTobaccoAndResourceClickable -->
        <test-method is-config="true" signature="tearDown()[pri:0, instance:com.capstoneProject.HealthCare.ProgramPagesClickableResourcesTest@4fb0f2b9]" started-at="2025-09-07T22:53:09 IST" name="tearDown" finished-at="2025-09-07T22:53:11 IST" duration-ms="2198" status="PASS">
          <reporter-output>
          </reporter-output>
        </test-method> <!-- tearDown -->
        <test-method is-config="true" signature="setup()[pri:0, instance:com.capstoneProject.HealthCare.ProgramPagesClickableResourcesTest@4fb0f2b9]" started-at="2025-09-07T22:53:11 IST" name="setup" finished-at="2025-09-07T22:53:12 IST" duration-ms="1428" status="PASS">
          <reporter-output>
          </reporter-output>
        </test-method> <!-- setup -->
        <test-method signature="validateAHECScholarsAndResourceClickable()[pri:2, instance:com.capstoneProject.HealthCare.ProgramPagesClickableResourcesTest@4fb0f2b9]" started-at="2025-09-07T22:53:12 IST" name="validateAHECScholarsAndResourceClickable" finished-at="2025-09-07T22:53:40 IST" duration-ms="27365" status="PASS">
          <reporter-output>
          </reporter-output>
        </test-method> <!-- validateAHECScholarsAndResourceClickable -->
        <test-method is-config="true" signature="tearDown()[pri:0, instance:com.capstoneProject.HealthCare.ProgramPagesClickableResourcesTest@4fb0f2b9]" started-at="2025-09-07T22:53:40 IST" name="tearDown" finished-at="2025-09-07T22:53:40 IST" duration-ms="603" status="PASS">
          <reporter-output>
          </reporter-output>
        </test-method> <!-- tearDown -->
        <test-method is-config="true" signature="setup()[pri:0, instance:com.capstoneProject.HealthCare.ProgramPagesClickableResourcesTest@4fb0f2b9]" started-at="2025-09-07T22:53:40 IST" name="setup" finished-at="2025-09-07T22:53:42 IST" duration-ms="1437" status="PASS">
          <reporter-output>
          </reporter-output>
        </test-method> <!-- setup -->
        <test-method signature="validateHealthyAgingAndResourceClickable()[pri:3, instance:com.capstoneProject.HealthCare.ProgramPagesClickableResourcesTest@4fb0f2b9]" started-at="2025-09-07T22:53:42 IST" name="validateHealthyAgingAndResourceClickable" finished-at="2025-09-07T22:54:44 IST" duration-ms="62011" status="PASS">
          <reporter-output>
          </reporter-output>
        </test-method> <!-- validateHealthyAgingAndResourceClickable -->
        <test-method is-config="true" signature="tearDown()[pri:0, instance:com.capstoneProject.HealthCare.ProgramPagesClickableResourcesTest@4fb0f2b9]" started-at="2025-09-07T22:54:44 IST" name="tearDown" finished-at="2025-09-07T22:54:44 IST" duration-ms="615" status="PASS">
          <reporter-output>
          </reporter-output>
        </test-method> <!-- tearDown -->
        <test-method is-config="true" signature="setup()[pri:0, instance:com.capstoneProject.HealthCare.ProgramPagesClickableResourcesTest@4fb0f2b9]" started-at="2025-09-07T22:54:44 IST" name="setup" finished-at="2025-09-07T22:54:46 IST" duration-ms="1499" status="PASS">
          <reporter-output>
          </reporter-output>
        </test-method> <!-- setup -->
        <test-method signature="validateCoveringFloridaAndResourceClickable()[pri:4, instance:com.capstoneProject.HealthCare.ProgramPagesClickableResourcesTest@4fb0f2b9]" started-at="2025-09-07T22:54:46 IST" name="validateCoveringFloridaAndResourceClickable" finished-at="2025-09-07T22:55:53 IST" duration-ms="67158" status="PASS">
          <reporter-output>
          </reporter-output>
        </test-method> <!-- validateCoveringFloridaAndResourceClickable -->
        <test-method is-config="true" signature="tearDown()[pri:0, instance:com.capstoneProject.HealthCare.ProgramPagesClickableResourcesTest@4fb0f2b9]" started-at="2025-09-07T22:55:53 IST" name="tearDown" finished-at="2025-09-07T22:55:53 IST" duration-ms="595" status="PASS">
          <reporter-output>
          </reporter-output>
        </test-method> <!-- tearDown -->
      </class> <!-- com.capstoneProject.HealthCare.ProgramPagesClickableResourcesTest -->
      <class name="com.capstoneProject.HealthCare.HomePage">
        <test-method is-config="true" signature="setup()[pri:0, instance:com.capstoneProject.HealthCare.HomePage@393671df]" started-at="2025-09-07T22:51:07 IST" name="setup" finished-at="2025-09-07T22:51:09 IST" duration-ms="2250" status="PASS">
          <reporter-output>
          </reporter-output>
        </test-method> <!-- setup -->
        <test-method signature="Registration()[pri:1, instance:com.capstoneProject.HealthCare.HomePage@393671df]" started-at="2025-09-07T22:51:09 IST" name="Registration" finished-at="2025-09-07T22:51:21 IST" duration-ms="11479" status="PASS">
          <reporter-output>
          </reporter-output>
        </test-method> <!-- Registration -->
        <test-method is-config="true" signature="tearDown()[pri:0, instance:com.capstoneProject.HealthCare.HomePage@393671df]" started-at="2025-09-07T22:51:21 IST" name="tearDown" finished-at="2025-09-07T22:51:21 IST" duration-ms="707" status="PASS">
          <reporter-output>
          </reporter-output>
        </test-method> <!-- tearDown -->
        <test-method is-config="true" signature="setup()[pri:0, instance:com.capstoneProject.HealthCare.HomePage@393671df]" started-at="2025-09-07T22:51:21 IST" name="setup" finished-at="2025-09-07T22:51:23 IST" duration-ms="1743" status="PASS">
          <reporter-output>
          </reporter-output>
        </test-method> <!-- setup -->
        <test-method signature="Login()[pri:2, instance:com.capstoneProject.HealthCare.HomePage@393671df]" started-at="2025-09-07T22:51:23 IST" name="Login" finished-at="2025-09-07T22:51:38 IST" depends-on-methods="com.capstoneProject.HealthCare.HomePage.Registration" duration-ms="15331" status="PASS">
          <reporter-output>
          </reporter-output>
        </test-method> <!-- Login -->
        <test-method is-config="true" signature="tearDown()[pri:0, instance:com.capstoneProject.HealthCare.HomePage@393671df]" started-at="2025-09-07T22:51:38 IST" name="tearDown" finished-at="2025-09-07T22:51:39 IST" duration-ms="691" status="PASS">
          <reporter-output>
          </reporter-output>
        </test-method> <!-- tearDown -->
        <test-method is-config="true" signature="setup()[pri:0, instance:com.capstoneProject.HealthCare.HomePage@393671df]" started-at="2025-09-07T22:51:39 IST" name="setup" finished-at="2025-09-07T22:51:41 IST" duration-ms="1698" status="PASS">
          <reporter-output>
          </reporter-output>
        </test-method> <!-- setup -->
        <test-method signature="HomePageBasicVerification()[pri:3, instance:com.capstoneProject.HealthCare.HomePage@393671df]" started-at="2025-09-07T22:51:41 IST" name="HomePageBasicVerification" finished-at="2025-09-07T22:51:49 IST" duration-ms="8346" status="PASS">
          <reporter-output>
          </reporter-output>
        </test-method> <!-- HomePageBasicVerification -->
        <test-method is-config="true" signature="tearDown()[pri:0, instance:com.capstoneProject.HealthCare.HomePage@393671df]" started-at="2025-09-07T22:51:49 IST" name="tearDown" finished-at="2025-09-07T22:51:50 IST" duration-ms="695" status="PASS">
          <reporter-output>
          </reporter-output>
        </test-method> <!-- tearDown -->
        <test-method is-config="true" signature="setup()[pri:0, instance:com.capstoneProject.HealthCare.HomePage@393671df]" started-at="2025-09-07T22:51:50 IST" name="setup" finished-at="2025-09-07T22:51:52 IST" duration-ms="1755" status="PASS">
          <reporter-output>
          </reporter-output>
        </test-method> <!-- setup -->
        <test-method signature="NavigationHoverTest()[pri:4, instance:com.capstoneProject.HealthCare.HomePage@393671df]" started-at="2025-09-07T22:51:52 IST" name="NavigationHoverTest" finished-at="2025-09-07T22:51:58 IST" duration-ms="6072" status="PASS">
          <reporter-output>
          </reporter-output>
        </test-method> <!-- NavigationHoverTest -->
        <test-method is-config="true" signature="tearDown()[pri:0, instance:com.capstoneProject.HealthCare.HomePage@393671df]" started-at="2025-09-07T22:51:58 IST" name="tearDown" finished-at="2025-09-07T22:51:58 IST" duration-ms="724" status="PASS">
          <reporter-output>
          </reporter-output>
        </test-method> <!-- tearDown -->
        <test-method is-config="true" signature="setup()[pri:0, instance:com.capstoneProject.HealthCare.HomePage@393671df]" started-at="2025-09-07T22:51:58 IST" name="setup" finished-at="2025-09-07T22:52:00 IST" duration-ms="1683" status="PASS">
          <reporter-output>
          </reporter-output>
        </test-method> <!-- setup -->
        <test-method signature="HealthProgramsDisplayTest()[pri:5, instance:com.capstoneProject.HealthCare.HomePage@393671df]" started-at="2025-09-07T22:52:00 IST" name="HealthProgramsDisplayTest" finished-at="2025-09-07T22:52:05 IST" duration-ms="5220" status="PASS">
          <reporter-output>
          </reporter-output>
        </test-method> <!-- HealthProgramsDisplayTest -->
        <test-method is-config="true" signature="tearDown()[pri:0, instance:com.capstoneProject.HealthCare.HomePage@393671df]" started-at="2025-09-07T22:52:05 IST" name="tearDown" finished-at="2025-09-07T22:52:06 IST" duration-ms="714" status="PASS">
          <reporter-output>
          </reporter-output>
        </test-method> <!-- tearDown -->
        <test-method is-config="true" signature="setup()[pri:0, instance:com.capstoneProject.HealthCare.HomePage@393671df]" started-at="2025-09-07T22:52:06 IST" name="setup" finished-at="2025-09-07T22:52:08 IST" duration-ms="1665" status="PASS">
          <reporter-output>
          </reporter-output>
        </test-method> <!-- setup -->
        <test-method signature="ResourceLinksTest()[pri:6, instance:com.capstoneProject.HealthCare.HomePage@393671df]" started-at="2025-09-07T22:52:08 IST" name="ResourceLinksTest" finished-at="2025-09-07T22:52:17 IST" duration-ms="9526" status="PASS">
          <reporter-output>
          </reporter-output>
        </test-method> <!-- ResourceLinksTest -->
        <test-method is-config="true" signature="tearDown()[pri:0, instance:com.capstoneProject.HealthCare.HomePage@393671df]" started-at="2025-09-07T22:52:17 IST" name="tearDown" finished-at="2025-09-07T22:52:18 IST" duration-ms="678" status="PASS">
          <reporter-output>
          </reporter-output>
        </test-method> <!-- tearDown -->
        <test-method is-config="true" signature="setup()[pri:0, instance:com.capstoneProject.HealthCare.HomePage@393671df]" started-at="2025-09-07T22:52:18 IST" name="setup" finished-at="2025-09-07T22:52:20 IST" duration-ms="1682" status="PASS">
          <reporter-output>
          </reporter-output>
        </test-method> <!-- setup -->
        <test-method signature="SearchFunctionalityTest()[pri:7, instance:com.capstoneProject.HealthCare.HomePage@393671df]" started-at="2025-09-07T22:52:20 IST" name="SearchFunctionalityTest" finished-at="2025-09-07T22:52:26 IST" duration-ms="6487" status="PASS">
          <reporter-output>
          </reporter-output>
        </test-method> <!-- SearchFunctionalityTest -->
        <test-method is-config="true" signature="tearDown()[pri:0, instance:com.capstoneProject.HealthCare.HomePage@393671df]" started-at="2025-09-07T22:52:26 IST" name="tearDown" finished-at="2025-09-07T22:52:27 IST" duration-ms="688" status="PASS">
          <reporter-output>
          </reporter-output>
        </test-method> <!-- tearDown -->
      </class> <!-- com.capstoneProject.HealthCare.HomePage -->
    </test> <!-- Sanity and Smoke Tests -->
  </suite> <!-- User Suite -->
</testng-results>
