<?xml version="1.0" encoding="UTF-8"?>
<testng-results ignored="0" total="1" passed="1" failed="0" skipped="0">
  <reporter-output>
  </reporter-output>
  <suite started-at="2025-08-23T12:36:05 IST" name="User Suite" finished-at="2025-08-23T12:36:21 IST" duration-ms="15085">
    <groups>
    </groups>
    <test started-at="2025-08-23T12:36:05 IST" name="Sanity and Smoke Tests" finished-at="2025-08-23T12:36:21 IST" duration-ms="15085">
      <class name="com.wiproJuly.Testng.TestNgSkipTestcases">
        <test-method signature="login()[pri:0, instance:com.wiproJuly.Testng.TestNgSkipTestcases@72f926e6]" started-at="2025-08-23T12:36:05 IST" name="login" finished-at="2025-08-23T12:36:21 IST" duration-ms="15053" status="PASS">
          <reporter-output>
          </reporter-output>
        </test-method> <!-- login -->
      </class> <!-- com.wiproJuly.Testng.TestNgSkipTestcases -->
    </test> <!-- Sanity and Smoke Tests -->
  </suite> <!-- User Suite -->
</testng-results>
