<?xml version="1.0" encoding="UTF-8"?>
<testng-results ignored="0" total="12" passed="12" failed="0" skipped="0">
  <reporter-output>
  </reporter-output>
  <suite started-at="2025-09-07T22:45:15 IST" name="User Suite" finished-at="2025-09-07T22:50:01 IST" duration-ms="286082">
    <groups>
    </groups>
    <test started-at="2025-09-07T22:45:15 IST" name="Sanity and Smoke Tests" finished-at="2025-09-07T22:50:01 IST" duration-ms="286082">
      <class name="com.capstoneProject.HealthCare.ContactUsValidationTest">
        <test-method is-config="true" signature="setup()[pri:0, instance:com.capstoneProject.HealthCare.ContactUsValidationTest@54d9d12d]" started-at="2025-09-07T22:49:40 IST" name="setup" finished-at="2025-09-07T22:49:41 IST" duration-ms="1443" status="PASS">
          <reporter-output>
          </reporter-output>
        </test-method> <!-- setup -->
        <test-method signature="validateContactUsPageFromNavigators()[pri:1, instance:com.capstoneProject.HealthCare.ContactUsValidationTest@54d9d12d]" started-at="2025-09-07T22:49:41 IST" name="validateContactUsPageFromNavigators" finished-at="2025-09-07T22:50:01 IST" duration-ms="19313" status="PASS">
          <reporter-output>
          </reporter-output>
        </test-method> <!-- validateContactUsPageFromNavigators -->
        <test-method is-config="true" signature="tearDown()[pri:0, instance:com.capstoneProject.HealthCare.ContactUsValidationTest@54d9d12d]" started-at="2025-09-07T22:50:01 IST" name="tearDown" finished-at="2025-09-07T22:50:01 IST" duration-ms="588" status="PASS">
          <reporter-output>
          </reporter-output>
        </test-method> <!-- tearDown -->
      </class> <!-- com.capstoneProject.HealthCare.ContactUsValidationTest -->
      <class name="com.capstoneProject.HealthCare.ProgramPagesClickableResourcesTest">
        <test-method is-config="true" signature="setup()[pri:0, instance:com.capstoneProject.HealthCare.ProgramPagesClickableResourcesTest@3c41ed1d]" started-at="2025-09-07T22:46:51 IST" name="setup" finished-at="2025-09-07T22:46:53 IST" duration-ms="1557" status="PASS">
          <reporter-output>
          </reporter-output>
        </test-method> <!-- setup -->
        <test-method signature="validateTobaccoAndResourceClickable()[pri:1, instance:com.capstoneProject.HealthCare.ProgramPagesClickableResourcesTest@3c41ed1d]" started-at="2025-09-07T22:46:53 IST" name="validateTobaccoAndResourceClickable" finished-at="2025-09-07T22:47:29 IST" duration-ms="36353" status="PASS">
          <reporter-output>
          </reporter-output>
        </test-method> <!-- validateTobaccoAndResourceClickable -->
        <test-method is-config="true" signature="tearDown()[pri:0, instance:com.capstoneProject.HealthCare.ProgramPagesClickableResourcesTest@3c41ed1d]" started-at="2025-09-07T22:47:29 IST" name="tearDown" finished-at="2025-09-07T22:47:30 IST" duration-ms="605" status="PASS">
          <reporter-output>
          </reporter-output>
        </test-method> <!-- tearDown -->
        <test-method is-config="true" signature="setup()[pri:0, instance:com.capstoneProject.HealthCare.ProgramPagesClickableResourcesTest@3c41ed1d]" started-at="2025-09-07T22:47:30 IST" name="setup" finished-at="2025-09-07T22:47:31 IST" duration-ms="1559" status="PASS">
          <reporter-output>
          </reporter-output>
        </test-method> <!-- setup -->
        <test-method signature="validateAHECScholarsAndResourceClickable()[pri:2, instance:com.capstoneProject.HealthCare.ProgramPagesClickableResourcesTest@3c41ed1d]" started-at="2025-09-07T22:47:31 IST" name="validateAHECScholarsAndResourceClickable" finished-at="2025-09-07T22:48:19 IST" duration-ms="47220" status="PASS">
          <reporter-output>
          </reporter-output>
        </test-method> <!-- validateAHECScholarsAndResourceClickable -->
        <test-method is-config="true" signature="tearDown()[pri:0, instance:com.capstoneProject.HealthCare.ProgramPagesClickableResourcesTest@3c41ed1d]" started-at="2025-09-07T22:48:19 IST" name="tearDown" finished-at="2025-09-07T22:48:19 IST" duration-ms="582" status="PASS">
          <reporter-output>
          </reporter-output>
        </test-method> <!-- tearDown -->
        <test-method is-config="true" signature="setup()[pri:0, instance:com.capstoneProject.HealthCare.ProgramPagesClickableResourcesTest@3c41ed1d]" started-at="2025-09-07T22:48:19 IST" name="setup" finished-at="2025-09-07T22:48:21 IST" duration-ms="1438" status="PASS">
          <reporter-output>
          </reporter-output>
        </test-method> <!-- setup -->
        <test-method signature="validateHealthyAgingAndResourceClickable()[pri:3, instance:com.capstoneProject.HealthCare.ProgramPagesClickableResourcesTest@3c41ed1d]" started-at="2025-09-07T22:48:21 IST" name="validateHealthyAgingAndResourceClickable" finished-at="2025-09-07T22:49:01 IST" duration-ms="40580" status="PASS">
          <reporter-output>
          </reporter-output>
        </test-method> <!-- validateHealthyAgingAndResourceClickable -->
        <test-method is-config="true" signature="tearDown()[pri:0, instance:com.capstoneProject.HealthCare.ProgramPagesClickableResourcesTest@3c41ed1d]" started-at="2025-09-07T22:49:01 IST" name="tearDown" finished-at="2025-09-07T22:49:02 IST" duration-ms="602" status="PASS">
          <reporter-output>
          </reporter-output>
        </test-method> <!-- tearDown -->
        <test-method is-config="true" signature="setup()[pri:0, instance:com.capstoneProject.HealthCare.ProgramPagesClickableResourcesTest@3c41ed1d]" started-at="2025-09-07T22:49:02 IST" name="setup" finished-at="2025-09-07T22:49:03 IST" duration-ms="1526" status="PASS">
          <reporter-output>
          </reporter-output>
        </test-method> <!-- setup -->
        <test-method signature="validateCoveringFloridaAndResourceClickable()[pri:4, instance:com.capstoneProject.HealthCare.ProgramPagesClickableResourcesTest@3c41ed1d]" started-at="2025-09-07T22:49:03 IST" name="validateCoveringFloridaAndResourceClickable" finished-at="2025-09-07T22:49:39 IST" duration-ms="36002" status="PASS">
          <reporter-output>
          </reporter-output>
        </test-method> <!-- validateCoveringFloridaAndResourceClickable -->
        <test-method is-config="true" signature="tearDown()[pri:0, instance:com.capstoneProject.HealthCare.ProgramPagesClickableResourcesTest@3c41ed1d]" started-at="2025-09-07T22:49:39 IST" name="tearDown" finished-at="2025-09-07T22:49:40 IST" duration-ms="602" status="PASS">
          <reporter-output>
          </reporter-output>
        </test-method> <!-- tearDown -->
      </class> <!-- com.capstoneProject.HealthCare.ProgramPagesClickableResourcesTest -->
      <class name="com.capstoneProject.HealthCare.HomePage">
        <test-method is-config="true" signature="setup()[pri:0, instance:com.capstoneProject.HealthCare.HomePage@368f2016]" started-at="2025-09-07T22:45:15 IST" name="setup" finished-at="2025-09-07T22:45:19 IST" duration-ms="3397" status="PASS">
          <reporter-output>
          </reporter-output>
        </test-method> <!-- setup -->
        <test-method signature="Registration()[pri:1, instance:com.capstoneProject.HealthCare.HomePage@368f2016]" started-at="2025-09-07T22:45:19 IST" name="Registration" finished-at="2025-09-07T22:45:33 IST" duration-ms="14564" status="PASS">
          <reporter-output>
          </reporter-output>
        </test-method> <!-- Registration -->
        <test-method is-config="true" signature="tearDown()[pri:0, instance:com.capstoneProject.HealthCare.HomePage@368f2016]" started-at="2025-09-07T22:45:33 IST" name="tearDown" finished-at="2025-09-07T22:45:34 IST" duration-ms="745" status="PASS">
          <reporter-output>
          </reporter-output>
        </test-method> <!-- tearDown -->
        <test-method is-config="true" signature="setup()[pri:0, instance:com.capstoneProject.HealthCare.HomePage@368f2016]" started-at="2025-09-07T22:45:34 IST" name="setup" finished-at="2025-09-07T22:45:36 IST" duration-ms="1781" status="PASS">
          <reporter-output>
          </reporter-output>
        </test-method> <!-- setup -->
        <test-method signature="Login()[pri:2, instance:com.capstoneProject.HealthCare.HomePage@368f2016]" started-at="2025-09-07T22:45:36 IST" name="Login" finished-at="2025-09-07T22:45:53 IST" depends-on-methods="com.capstoneProject.HealthCare.HomePage.Registration" duration-ms="16833" status="PASS">
          <reporter-output>
          </reporter-output>
        </test-method> <!-- Login -->
        <test-method is-config="true" signature="tearDown()[pri:0, instance:com.capstoneProject.HealthCare.HomePage@368f2016]" started-at="2025-09-07T22:45:53 IST" name="tearDown" finished-at="2025-09-07T22:45:53 IST" duration-ms="681" status="PASS">
          <reporter-output>
          </reporter-output>
        </test-method> <!-- tearDown -->
        <test-method is-config="true" signature="setup()[pri:0, instance:com.capstoneProject.HealthCare.HomePage@368f2016]" started-at="2025-09-07T22:45:53 IST" name="setup" finished-at="2025-09-07T22:45:55 IST" duration-ms="1665" status="PASS">
          <reporter-output>
          </reporter-output>
        </test-method> <!-- setup -->
        <test-method signature="HomePageBasicVerification()[pri:3, instance:com.capstoneProject.HealthCare.HomePage@368f2016]" started-at="2025-09-07T22:45:55 IST" name="HomePageBasicVerification" finished-at="2025-09-07T22:46:01 IST" duration-ms="5821" status="PASS">
          <reporter-output>
          </reporter-output>
        </test-method> <!-- HomePageBasicVerification -->
        <test-method is-config="true" signature="tearDown()[pri:0, instance:com.capstoneProject.HealthCare.HomePage@368f2016]" started-at="2025-09-07T22:46:01 IST" name="tearDown" finished-at="2025-09-07T22:46:01 IST" duration-ms="675" status="PASS">
          <reporter-output>
          </reporter-output>
        </test-method> <!-- tearDown -->
        <test-method is-config="true" signature="setup()[pri:0, instance:com.capstoneProject.HealthCare.HomePage@368f2016]" started-at="2025-09-07T22:46:01 IST" name="setup" finished-at="2025-09-07T22:46:03 IST" duration-ms="1697" status="PASS">
          <reporter-output>
          </reporter-output>
        </test-method> <!-- setup -->
        <test-method signature="NavigationHoverTest()[pri:4, instance:com.capstoneProject.HealthCare.HomePage@368f2016]" started-at="2025-09-07T22:46:03 IST" name="NavigationHoverTest" finished-at="2025-09-07T22:46:12 IST" duration-ms="9069" status="PASS">
          <reporter-output>
          </reporter-output>
        </test-method> <!-- NavigationHoverTest -->
        <test-method is-config="true" signature="tearDown()[pri:0, instance:com.capstoneProject.HealthCare.HomePage@368f2016]" started-at="2025-09-07T22:46:12 IST" name="tearDown" finished-at="2025-09-07T22:46:13 IST" duration-ms="692" status="PASS">
          <reporter-output>
          </reporter-output>
        </test-method> <!-- tearDown -->
        <test-method is-config="true" signature="setup()[pri:0, instance:com.capstoneProject.HealthCare.HomePage@368f2016]" started-at="2025-09-07T22:46:13 IST" name="setup" finished-at="2025-09-07T22:46:15 IST" duration-ms="1796" status="PASS">
          <reporter-output>
          </reporter-output>
        </test-method> <!-- setup -->
        <test-method signature="HealthProgramsDisplayTest()[pri:5, instance:com.capstoneProject.HealthCare.HomePage@368f2016]" started-at="2025-09-07T22:46:15 IST" name="HealthProgramsDisplayTest" finished-at="2025-09-07T22:46:23 IST" duration-ms="8114" status="PASS">
          <reporter-output>
          </reporter-output>
        </test-method> <!-- HealthProgramsDisplayTest -->
        <test-method is-config="true" signature="tearDown()[pri:0, instance:com.capstoneProject.HealthCare.HomePage@368f2016]" started-at="2025-09-07T22:46:23 IST" name="tearDown" finished-at="2025-09-07T22:46:23 IST" duration-ms="675" status="PASS">
          <reporter-output>
          </reporter-output>
        </test-method> <!-- tearDown -->
        <test-method is-config="true" signature="setup()[pri:0, instance:com.capstoneProject.HealthCare.HomePage@368f2016]" started-at="2025-09-07T22:46:23 IST" name="setup" finished-at="2025-09-07T22:46:25 IST" duration-ms="1742" status="PASS">
          <reporter-output>
          </reporter-output>
        </test-method> <!-- setup -->
        <test-method signature="ResourceLinksTest()[pri:6, instance:com.capstoneProject.HealthCare.HomePage@368f2016]" started-at="2025-09-07T22:46:25 IST" name="ResourceLinksTest" finished-at="2025-09-07T22:46:31 IST" duration-ms="6200" status="PASS">
          <reporter-output>
          </reporter-output>
        </test-method> <!-- ResourceLinksTest -->
        <test-method is-config="true" signature="tearDown()[pri:0, instance:com.capstoneProject.HealthCare.HomePage@368f2016]" started-at="2025-09-07T22:46:31 IST" name="tearDown" finished-at="2025-09-07T22:46:32 IST" duration-ms="681" status="PASS">
          <reporter-output>
          </reporter-output>
        </test-method> <!-- tearDown -->
        <test-method is-config="true" signature="setup()[pri:0, instance:com.capstoneProject.HealthCare.HomePage@368f2016]" started-at="2025-09-07T22:46:32 IST" name="setup" finished-at="2025-09-07T22:46:34 IST" duration-ms="1745" status="PASS">
          <reporter-output>
          </reporter-output>
        </test-method> <!-- setup -->
        <test-method signature="SearchFunctionalityTest()[pri:7, instance:com.capstoneProject.HealthCare.HomePage@368f2016]" started-at="2025-09-07T22:46:34 IST" name="SearchFunctionalityTest" finished-at="2025-09-07T22:46:51 IST" duration-ms="16808" status="PASS">
          <reporter-output>
          </reporter-output>
        </test-method> <!-- SearchFunctionalityTest -->
        <test-method is-config="true" signature="tearDown()[pri:0, instance:com.capstoneProject.HealthCare.HomePage@368f2016]" started-at="2025-09-07T22:46:51 IST" name="tearDown" finished-at="2025-09-07T22:46:51 IST" duration-ms="660" status="PASS">
          <reporter-output>
          </reporter-output>
        </test-method> <!-- tearDown -->
      </class> <!-- com.capstoneProject.HealthCare.HomePage -->
    </test> <!-- Sanity and Smoke Tests -->
  </suite> <!-- User Suite -->
</testng-results>
